-- Analyzing VHDL file 'C:/lscc/radiant/3.2/ispfpga/vhdl_packages/standard.vhd' (VHDL-1481)
-- Analyzing VHDL file C:/lscc/radiant/3.2/ispfpga/vhdl_packages/standard.vhd
-- Analyzing VHDL file 'C:/lscc/radiant/3.2/ispfpga/vhdl_packages/std_1164.vhd' (VHDL-1481)
-- Analyzing VHDL file C:/lscc/radiant/3.2/ispfpga/vhdl_packages/std_1164.vhd
-- Analyzing VHDL file 'C:/lscc/radiant/3.2/ispfpga/vhdl_packages/mgc_qsim.vhd' (VHDL-1481)
-- Analyzing VHDL file C:/lscc/radiant/3.2/ispfpga/vhdl_packages/mgc_qsim.vhd
-- Analyzing VHDL file 'C:/lscc/radiant/3.2/ispfpga/vhdl_packages/numeric_bit.vhd' (VHDL-1481)
-- Analyzing VHDL file C:/lscc/radiant/3.2/ispfpga/vhdl_packages/numeric_bit.vhd
-- Analyzing VHDL file 'C:/lscc/radiant/3.2/ispfpga/vhdl_packages/numeric_std.vhd' (VHDL-1481)
-- Analyzing VHDL file C:/lscc/radiant/3.2/ispfpga/vhdl_packages/numeric_std.vhd
-- Analyzing VHDL file 'C:/lscc/radiant/3.2/ispfpga/vhdl_packages/textio.vhd' (VHDL-1481)
-- Analyzing VHDL file C:/lscc/radiant/3.2/ispfpga/vhdl_packages/textio.vhd
-- Analyzing VHDL file 'C:/lscc/radiant/3.2/ispfpga/vhdl_packages/std_logic_textio.vhd' (VHDL-1481)
-- Analyzing VHDL file C:/lscc/radiant/3.2/ispfpga/vhdl_packages/std_logic_textio.vhd
-- Analyzing VHDL file 'C:/lscc/radiant/3.2/ispfpga/vhdl_packages/syn_attr.vhd' (VHDL-1481)
-- Analyzing VHDL file C:/lscc/radiant/3.2/ispfpga/vhdl_packages/syn_attr.vhd
-- Analyzing VHDL file 'C:/lscc/radiant/3.2/ispfpga/vhdl_packages/syn_misc.vhd' (VHDL-1481)
-- Analyzing VHDL file C:/lscc/radiant/3.2/ispfpga/vhdl_packages/syn_misc.vhd
-- Analyzing VHDL file 'C:/lscc/radiant/3.2/ispfpga/vhdl_packages/math_real.vhd' (VHDL-1481)
-- Analyzing VHDL file 'C:/lscc/radiant/3.2/ispfpga/vhdl_packages/mixed_lang_vltype.vhd' (VHDL-1481)
-- Analyzing VHDL file C:/lscc/radiant/3.2/ispfpga/vhdl_packages/mixed_lang_vltype.vhd
-- Analyzing VHDL file 'C:/lscc/radiant/3.2/ispfpga/vhdl_packages/syn_arit.vhd' (VHDL-1481)
-- Analyzing VHDL file C:/lscc/radiant/3.2/ispfpga/vhdl_packages/syn_arit.vhd
-- Analyzing VHDL file 'C:/lscc/radiant/3.2/ispfpga/vhdl_packages/syn_sign.vhd' (VHDL-1481)
-- Analyzing VHDL file C:/lscc/radiant/3.2/ispfpga/vhdl_packages/syn_sign.vhd
-- Analyzing VHDL file 'C:/lscc/radiant/3.2/ispfpga/vhdl_packages/syn_unsi.vhd' (VHDL-1481)
-- Analyzing VHDL file C:/lscc/radiant/3.2/ispfpga/vhdl_packages/syn_unsi.vhd
-- Analyzing VHDL file 'C:/lscc/radiant/3.2/ispfpga/vhdl_packages/synattr.vhd' (VHDL-1481)
-- Analyzing VHDL file C:/lscc/radiant/3.2/ispfpga/vhdl_packages/synattr.vhd
-- Analyzing Verilog file 'C:/lscc/radiant/3.2/cae_library/synthesis/verilog/lifcl.v' (VERI-1482)
-- Analyzing Verilog file 'C:/Users/chaoq/my_designs/csi2cpi/V3_converter/source/impl_1/axis4_slave_if.sv' (VERI-1482)
-- Analyzing Verilog file 'C:/Users/chaoq/my_designs/csi2cpi/V3_converter/source/impl_1/bus_driver.v' (VERI-1482)
-- Analyzing Verilog file 'C:/Users/chaoq/my_designs/csi2cpi/V3_converter/source/impl_1/clk_driver.v' (VERI-1482)
-- Analyzing Verilog file 'C:/Users/chaoq/my_designs/csi2cpi/V3_converter/source/impl_1/clk_gen.sv' (VERI-1482)
-- Analyzing Verilog file 'C:/Users/chaoq/my_designs/csi2cpi/V3_converter/source/impl_1/csi2_model.v' (VERI-1482)
-- Analyzing Verilog file 'C:/Users/chaoq/my_designs/csi2cpi/V3_converter/source/impl_1/DPHY_INST.v' (VERI-1482)
-- Analyzing Verilog file 'C:/Users/chaoq/my_designs/csi2cpi/V3_converter/source/impl_1/payload_unpack.sv' (VERI-1482)
-- Analyzing Verilog file 'C:/Users/chaoq/my_designs/csi2cpi/V3_converter/source/impl_1/sync_unpack.sv' (VERI-1482)
-- Analyzing Verilog file 'C:/Users/chaoq/my_designs/csi2cpi/V3_converter/source/impl_1/tb_da.sv' (VERI-1482)
-- Analyzing Verilog file 'C:/Users/chaoq/my_designs/csi2cpi/V3_converter/source/impl_1/wrapper_test_da.sv' (VERI-1482)
-- Analyzing Verilog file 'C:/Users/chaoq/my_designs/csi2cpi/V3_converter/myDphy/rtl/myDphy.v' (VERI-1482)
-- Analyzing VHDL file 'C:/lscc/radiant/3.2/cae_library/synthesis/vhdl/lifcl.vhd' (VHDL-1481)
-- Analyzing VHDL file C:/lscc/radiant/3.2/cae_library/synthesis/vhdl/lifcl.vhd
-- Analyzing VHDL file 'C:/lscc/radiant/3.2/ispfpga/vhdl_packages/standard.vhd' (VHDL-1481)
-- Analyzing VHDL file C:/lscc/radiant/3.2/ispfpga/vhdl_packages/standard.vhd
-- Analyzing VHDL file 'C:/lscc/radiant/3.2/ispfpga/vhdl_packages/std_1164.vhd' (VHDL-1481)
-- Analyzing VHDL file C:/lscc/radiant/3.2/ispfpga/vhdl_packages/std_1164.vhd
-- Analyzing VHDL file 'C:/lscc/radiant/3.2/ispfpga/vhdl_packages/mgc_qsim.vhd' (VHDL-1481)
-- Analyzing VHDL file C:/lscc/radiant/3.2/ispfpga/vhdl_packages/mgc_qsim.vhd
-- Analyzing VHDL file 'C:/lscc/radiant/3.2/ispfpga/vhdl_packages/numeric_bit.vhd' (VHDL-1481)
-- Analyzing VHDL file C:/lscc/radiant/3.2/ispfpga/vhdl_packages/numeric_bit.vhd
-- Analyzing VHDL file 'C:/lscc/radiant/3.2/ispfpga/vhdl_packages/numeric_std.vhd' (VHDL-1481)
-- Analyzing VHDL file C:/lscc/radiant/3.2/ispfpga/vhdl_packages/numeric_std.vhd
-- Analyzing VHDL file 'C:/lscc/radiant/3.2/ispfpga/vhdl_packages/textio.vhd' (VHDL-1481)
-- Analyzing VHDL file C:/lscc/radiant/3.2/ispfpga/vhdl_packages/textio.vhd
-- Analyzing VHDL file 'C:/lscc/radiant/3.2/ispfpga/vhdl_packages/std_logic_textio.vhd' (VHDL-1481)
-- Analyzing VHDL file C:/lscc/radiant/3.2/ispfpga/vhdl_packages/std_logic_textio.vhd
-- Analyzing VHDL file 'C:/lscc/radiant/3.2/ispfpga/vhdl_packages/syn_attr.vhd' (VHDL-1481)
-- Analyzing VHDL file C:/lscc/radiant/3.2/ispfpga/vhdl_packages/syn_attr.vhd
-- Analyzing VHDL file 'C:/lscc/radiant/3.2/ispfpga/vhdl_packages/syn_misc.vhd' (VHDL-1481)
-- Analyzing VHDL file C:/lscc/radiant/3.2/ispfpga/vhdl_packages/syn_misc.vhd
-- Analyzing VHDL file 'C:/lscc/radiant/3.2/ispfpga/vhdl_packages/math_real.vhd' (VHDL-1481)
-- Analyzing VHDL file 'C:/lscc/radiant/3.2/ispfpga/vhdl_packages/mixed_lang_vltype.vhd' (VHDL-1481)
-- Analyzing VHDL file C:/lscc/radiant/3.2/ispfpga/vhdl_packages/mixed_lang_vltype.vhd
-- Analyzing VHDL file 'C:/lscc/radiant/3.2/ispfpga/vhdl_packages/syn_arit.vhd' (VHDL-1481)
-- Analyzing VHDL file C:/lscc/radiant/3.2/ispfpga/vhdl_packages/syn_arit.vhd
-- Analyzing VHDL file 'C:/lscc/radiant/3.2/ispfpga/vhdl_packages/syn_sign.vhd' (VHDL-1481)
-- Analyzing VHDL file C:/lscc/radiant/3.2/ispfpga/vhdl_packages/syn_sign.vhd
-- Analyzing VHDL file 'C:/lscc/radiant/3.2/ispfpga/vhdl_packages/syn_unsi.vhd' (VHDL-1481)
-- Analyzing VHDL file C:/lscc/radiant/3.2/ispfpga/vhdl_packages/syn_unsi.vhd
-- Analyzing VHDL file 'C:/lscc/radiant/3.2/ispfpga/vhdl_packages/synattr.vhd' (VHDL-1481)
-- Analyzing VHDL file C:/lscc/radiant/3.2/ispfpga/vhdl_packages/synattr.vhd
-- Analyzing Verilog file 'C:/lscc/radiant/3.2/cae_library/synthesis/verilog/lifcl.v' (VERI-1482)
-- Analyzing Verilog file 'C:/Users/chaoq/my_designs/csi2cpi/V3_converter/source/impl_1/axis4_slave_if.sv' (VERI-1482)
-- Analyzing Verilog file 'C:/Users/chaoq/my_designs/csi2cpi/V3_converter/source/impl_1/bus_driver.v' (VERI-1482)
-- Analyzing Verilog file 'C:/Users/chaoq/my_designs/csi2cpi/V3_converter/source/impl_1/clk_driver.v' (VERI-1482)
-- Analyzing Verilog file 'C:/Users/chaoq/my_designs/csi2cpi/V3_converter/source/impl_1/csi2_model.v' (VERI-1482)
-- Analyzing Verilog file 'C:/Users/chaoq/my_designs/csi2cpi/V3_converter/source/impl_1/DPHY_INST.v' (VERI-1482)
-- Analyzing Verilog file 'C:/Users/chaoq/my_designs/csi2cpi/V3_converter/source/impl_1/payload_unpack.sv' (VERI-1482)
-- Analyzing Verilog file 'C:/Users/chaoq/my_designs/csi2cpi/V3_converter/source/impl_1/sync_unpack.sv' (VERI-1482)
-- Analyzing Verilog file 'C:/Users/chaoq/my_designs/csi2cpi/V3_converter/source/impl_1/tb_da.sv' (VERI-1482)
-- Analyzing Verilog file 'C:/Users/chaoq/my_designs/csi2cpi/V3_converter/source/impl_1/wrapper_test_da.sv' (VERI-1482)
-- Analyzing Verilog file 'C:/Users/chaoq/my_designs/csi2cpi/V3_converter/myDphy/rtl/myDphy.v' (VERI-1482)
-- Analyzing VHDL file 'C:/lscc/radiant/3.2/cae_library/synthesis/vhdl/lifcl.vhd' (VHDL-1481)
-- Analyzing VHDL file C:/lscc/radiant/3.2/cae_library/synthesis/vhdl/lifcl.vhd
-- Analyzing VHDL file 'C:/lscc/radiant/3.2/ispfpga/vhdl_packages/standard.vhd' (VHDL-1481)
-- Analyzing VHDL file C:/lscc/radiant/3.2/ispfpga/vhdl_packages/standard.vhd
-- Analyzing VHDL file 'C:/lscc/radiant/3.2/ispfpga/vhdl_packages/std_1164.vhd' (VHDL-1481)
-- Analyzing VHDL file C:/lscc/radiant/3.2/ispfpga/vhdl_packages/std_1164.vhd
-- Analyzing VHDL file 'C:/lscc/radiant/3.2/ispfpga/vhdl_packages/mgc_qsim.vhd' (VHDL-1481)
-- Analyzing VHDL file C:/lscc/radiant/3.2/ispfpga/vhdl_packages/mgc_qsim.vhd
-- Analyzing VHDL file 'C:/lscc/radiant/3.2/ispfpga/vhdl_packages/numeric_bit.vhd' (VHDL-1481)
-- Analyzing VHDL file C:/lscc/radiant/3.2/ispfpga/vhdl_packages/numeric_bit.vhd
-- Analyzing VHDL file 'C:/lscc/radiant/3.2/ispfpga/vhdl_packages/numeric_std.vhd' (VHDL-1481)
-- Analyzing VHDL file C:/lscc/radiant/3.2/ispfpga/vhdl_packages/numeric_std.vhd
-- Analyzing VHDL file 'C:/lscc/radiant/3.2/ispfpga/vhdl_packages/textio.vhd' (VHDL-1481)
-- Analyzing VHDL file C:/lscc/radiant/3.2/ispfpga/vhdl_packages/textio.vhd
-- Analyzing VHDL file 'C:/lscc/radiant/3.2/ispfpga/vhdl_packages/std_logic_textio.vhd' (VHDL-1481)
-- Analyzing VHDL file C:/lscc/radiant/3.2/ispfpga/vhdl_packages/std_logic_textio.vhd
-- Analyzing VHDL file 'C:/lscc/radiant/3.2/ispfpga/vhdl_packages/syn_attr.vhd' (VHDL-1481)
-- Analyzing VHDL file C:/lscc/radiant/3.2/ispfpga/vhdl_packages/syn_attr.vhd
-- Analyzing VHDL file 'C:/lscc/radiant/3.2/ispfpga/vhdl_packages/syn_misc.vhd' (VHDL-1481)
-- Analyzing VHDL file C:/lscc/radiant/3.2/ispfpga/vhdl_packages/syn_misc.vhd
-- Analyzing VHDL file 'C:/lscc/radiant/3.2/ispfpga/vhdl_packages/math_real.vhd' (VHDL-1481)
-- Analyzing VHDL file 'C:/lscc/radiant/3.2/ispfpga/vhdl_packages/mixed_lang_vltype.vhd' (VHDL-1481)
-- Analyzing VHDL file C:/lscc/radiant/3.2/ispfpga/vhdl_packages/mixed_lang_vltype.vhd
-- Analyzing VHDL file 'C:/lscc/radiant/3.2/ispfpga/vhdl_packages/syn_arit.vhd' (VHDL-1481)
-- Analyzing VHDL file C:/lscc/radiant/3.2/ispfpga/vhdl_packages/syn_arit.vhd
-- Analyzing VHDL file 'C:/lscc/radiant/3.2/ispfpga/vhdl_packages/syn_sign.vhd' (VHDL-1481)
-- Analyzing VHDL file C:/lscc/radiant/3.2/ispfpga/vhdl_packages/syn_sign.vhd
-- Analyzing VHDL file 'C:/lscc/radiant/3.2/ispfpga/vhdl_packages/syn_unsi.vhd' (VHDL-1481)
-- Analyzing VHDL file C:/lscc/radiant/3.2/ispfpga/vhdl_packages/syn_unsi.vhd
-- Analyzing VHDL file 'C:/lscc/radiant/3.2/ispfpga/vhdl_packages/synattr.vhd' (VHDL-1481)
-- Analyzing VHDL file C:/lscc/radiant/3.2/ispfpga/vhdl_packages/synattr.vhd
-- Analyzing Verilog file 'C:/lscc/radiant/3.2/cae_library/synthesis/verilog/lifcl.v' (VERI-1482)
-- Analyzing Verilog file 'C:/Users/chaoq/my_designs/csi2cpi/V3_converter/source/impl_1/payload_unpack.sv' (VERI-1482)
-- Analyzing Verilog file 'C:/Users/chaoq/my_designs/csi2cpi/V3_converter/source/impl_1/sync_unpack.sv' (VERI-1482)
-- Analyzing Verilog file 'C:/Users/chaoq/my_designs/csi2cpi/V3_converter/source/impl_1/axis4_slave_if.sv' (VERI-1482)
-- Analyzing Verilog file 'C:/Users/chaoq/my_designs/csi2cpi/V3_converter/source/impl_1/DPHY_INST.v' (VERI-1482)
-- Analyzing Verilog file 'C:/Users/chaoq/my_designs/csi2cpi/V3_converter/source/impl_1/wrapper_test_da.sv' (VERI-1482)
-- Analyzing Verilog file 'C:/Users/chaoq/my_designs/csi2cpi/V3_converter/source/impl_1/bus_driver.v' (VERI-1482)
-- Analyzing Verilog file 'C:/Users/chaoq/my_designs/csi2cpi/V3_converter/source/impl_1/clk_driver.v' (VERI-1482)
-- Analyzing Verilog file 'C:/Users/chaoq/my_designs/csi2cpi/V3_converter/source/impl_1/csi2_model.v' (VERI-1482)
-- Analyzing Verilog file 'C:/Users/chaoq/my_designs/csi2cpi/V3_converter/source/impl_1/tb_da.sv' (VERI-1482)
-- Analyzing Verilog file 'C:/Users/chaoq/my_designs/csi2cpi/V3_converter/myDphy/rtl/myDphy.v' (VERI-1482)
-- Analyzing Verilog file 'C:/Users/chaoq/my_designs/csi2cpi/D_unpack/int_gpll/rtl/int_gpll.v' (VERI-1482)
-- Analyzing Verilog file 'C:/Users/chaoq/my_designs/csi2cpi/D_unpack/my_fifo1/rtl/my_fifo1.v' (VERI-1482)
-- Analyzing VHDL file 'C:/lscc/radiant/3.2/cae_library/synthesis/vhdl/lifcl.vhd' (VHDL-1481)
-- Analyzing VHDL file C:/lscc/radiant/3.2/cae_library/synthesis/vhdl/lifcl.vhd
